\BOOKMARK [1][-]{section.1}{Introducci\363n}{}% 1
\BOOKMARK [2][-]{subsection.1.1}{Motivaci\363n}{section.1}% 2
\BOOKMARK [2][-]{subsection.1.2}{Objetivos}{section.1}% 3
\BOOKMARK [2][-]{subsection.1.3}{Contribuciones}{section.1}% 4
\BOOKMARK [1][-]{section.2}{Estado del arte}{}% 5
\BOOKMARK [2][-]{subsection.2.1}{Arquitectura de red}{section.2}% 6
\BOOKMARK [2][-]{subsection.2.2}{Administraci\363n de salas}{section.2}% 7
\BOOKMARK [3][-]{subsubsection.2.2.1}{Manual}{subsection.2.2}% 8
\BOOKMARK [3][-]{subsubsection.2.2.2}{Remota}{subsection.2.2}% 9
\BOOKMARK [3][-]{subsubsection.2.2.3}{Centralizada}{subsection.2.2}% 10
\BOOKMARK [2][-]{subsection.2.3}{DevOps}{section.2}% 11
\BOOKMARK [3][-]{subsubsection.2.3.1}{Docker}{subsection.2.3}% 12
\BOOKMARK [1][-]{section.3}{Soluci\363n propuesta}{}% 13
\BOOKMARK [2][-]{subsection.3.1}{Ejecuci\363n de tareas}{section.3}% 14
\BOOKMARK [2][-]{subsection.3.2}{Modelado de datos}{section.3}% 15
\BOOKMARK [2][-]{subsection.3.3}{Dise\361o de interacciones}{section.3}% 16
\BOOKMARK [2][-]{subsection.3.4}{Desarrollo web}{section.3}% 17
\BOOKMARK [2][-]{subsection.3.5}{Integraci\363n de componentes: DJBot}{section.3}% 18
\BOOKMARK [1][-]{section.4}{Implementaci\363n y resultados}{}% 19
\BOOKMARK [2][-]{subsection.4.1}{Instalaci\363n}{section.4}% 20
\BOOKMARK [3][-]{subsubsection.4.1.1}{Red}{subsection.4.1}% 21
\BOOKMARK [3][-]{subsubsection.4.1.2}{DJBot}{subsection.4.1}% 22
\BOOKMARK [3][-]{subsubsection.4.1.3}{Conexi\363n Administrador-DJBot}{subsection.4.1}% 23
\BOOKMARK [3][-]{subsubsection.4.1.4}{Conexi\363n DJBot-Salas}{subsection.4.1}% 24
\BOOKMARK [2][-]{subsection.4.2}{Uso}{section.4}% 25
\BOOKMARK [2][-]{subsection.4.3}{Validaci\363n}{section.4}% 26
\BOOKMARK [1][-]{section.5}{Conclusi\363n}{}% 27
\BOOKMARK [2][-]{subsection.5.1}{Trabajos futuros}{section.5}% 28
\BOOKMARK [0][-]{Colof\IeC {\'o}n.0}{Colof\363n}{}% 29
